<?xml version="1.0" encoding="UTF-8"?>
<!-- Generated by org.testng.reporters.JUnitXMLReporter -->
<testsuite ignored="0" hostname="Jos-MacBook-Air.local" failures="0" tests="4" name="Surefire test" time="6.177" errors="0" timestamp="2022-12-01T16:25:17 GMT">
  <testcase classname="zippopotam.com.TestCase" name="TC_001" time="3.686"/>
  <testcase classname="zippopotam.com.TestCase" name="TC_002" time="0.309"/>
  <testcase classname="zippopotam.com.TestCase" name="TC_003" time="0.21"/>
  <testcase classname="zippopotam.com.TestCase" name="TC_004" time="0.986"/>
</testsuite> <!-- Surefire test -->
