<?xml version="1.0" encoding="UTF-8"?>
<testsuite xmlns:xsi="http://www.w3.org/2001/XMLSchema-instance" xsi:noNamespaceSchemaLocation="https://maven.apache.org/surefire/maven-surefire-plugin/xsd/surefire-test-report.xsd" name="zippopotam.com.TestCase" time="6.91" tests="4" errors="0" skipped="0" failures="0">
  <properties>
[...]
</properties>
  <testcase name="TC_001" classname="zippopotam.com.TestCase" time="3.69"/>
  <testcase name="TC_002" classname="zippopotam.com.TestCase" time="0.31"/>
  <testcase name="TC_003" classname="zippopotam.com.TestCase" time="0.212"/>
  <testcase name="TC_004" classname="zippopotam.com.TestCase" time="0.987"/>
</testsuite>