<?xml version="1.0" encoding="UTF-8"?>
<testng-results ignored="0" total="4" passed="4" failed="0" skipped="0">
  <reporter-output>
  </reporter-output>
  <suite started-at="2022-12-01T16:25:11 GMT" name="Surefire suite" finished-at="2022-12-01T16:25:17 GMT" duration-ms="6177">
    <groups>
    </groups>
    <test started-at="2022-12-01T16:25:11 GMT" name="Surefire test" finished-at="2022-12-01T16:25:17 GMT" duration-ms="6177">
      <class name="zippopotam.com.TestCase">
        <test-method is-config="true" signature="startReport()[pri:0, instance:zippopotam.com.TestCase@40005471]" started-at="2022-12-01T16:25:11 GMT" name="startReport" finished-at="2022-12-01T16:25:12 GMT" duration-ms="418" status="PASS">
          <reporter-output>
          </reporter-output>
        </test-method> <!-- startReport -->
        <test-method signature="TC_001()[pri:0, instance:zippopotam.com.TestCase@40005471]" started-at="2022-12-01T16:25:12 GMT" name="TC_001" finished-at="2022-12-01T16:25:15 GMT" duration-ms="3686" status="PASS">
          <reporter-output>
          </reporter-output>
        </test-method> <!-- TC_001 -->
        <test-method is-config="true" signature="getResult(org.testng.ITestResult)[pri:0, instance:zippopotam.com.TestCase@40005471]" started-at="2022-12-01T16:25:15 GMT" name="getResult" finished-at="2022-12-01T16:25:15 GMT" duration-ms="3" status="PASS">
          <params>
            <param index="0">
              <value>
                <![CDATA[[TestResult name=TC_001 status=SUCCESS method=TestCase.TC_001()[pri:0, instance:zippopotam.com.TestCase@40005471] output={null}]]]>
              </value>
            </param>
          </params>
          <reporter-output>
          </reporter-output>
        </test-method> <!-- getResult -->
        <test-method signature="TC_002()[pri:0, instance:zippopotam.com.TestCase@40005471]" started-at="2022-12-01T16:25:15 GMT" name="TC_002" finished-at="2022-12-01T16:25:16 GMT" duration-ms="309" status="PASS">
          <reporter-output>
          </reporter-output>
        </test-method> <!-- TC_002 -->
        <test-method is-config="true" signature="getResult(org.testng.ITestResult)[pri:0, instance:zippopotam.com.TestCase@40005471]" started-at="2022-12-01T16:25:16 GMT" name="getResult" finished-at="2022-12-01T16:25:16 GMT" duration-ms="0" status="PASS">
          <params>
            <param index="0">
              <value>
                <![CDATA[[TestResult name=TC_002 status=SUCCESS method=TestCase.TC_002()[pri:0, instance:zippopotam.com.TestCase@40005471] output={null}]]]>
              </value>
            </param>
          </params>
          <reporter-output>
          </reporter-output>
        </test-method> <!-- getResult -->
        <test-method signature="TC_003()[pri:0, instance:zippopotam.com.TestCase@40005471]" started-at="2022-12-01T16:25:16 GMT" name="TC_003" finished-at="2022-12-01T16:25:16 GMT" duration-ms="210" status="PASS">
          <reporter-output>
          </reporter-output>
        </test-method> <!-- TC_003 -->
        <test-method is-config="true" signature="getResult(org.testng.ITestResult)[pri:0, instance:zippopotam.com.TestCase@40005471]" started-at="2022-12-01T16:25:16 GMT" name="getResult" finished-at="2022-12-01T16:25:16 GMT" duration-ms="0" status="PASS">
          <params>
            <param index="0">
              <value>
                <![CDATA[[TestResult name=TC_003 status=SUCCESS method=TestCase.TC_003()[pri:0, instance:zippopotam.com.TestCase@40005471] output={null}]]]>
              </value>
            </param>
          </params>
          <reporter-output>
          </reporter-output>
        </test-method> <!-- getResult -->
        <test-method signature="TC_004()[pri:0, instance:zippopotam.com.TestCase@40005471]" started-at="2022-12-01T16:25:16 GMT" name="TC_004" finished-at="2022-12-01T16:25:17 GMT" duration-ms="986" status="PASS">
          <reporter-output>
          </reporter-output>
        </test-method> <!-- TC_004 -->
        <test-method is-config="true" signature="getResult(org.testng.ITestResult)[pri:0, instance:zippopotam.com.TestCase@40005471]" started-at="2022-12-01T16:25:17 GMT" name="getResult" finished-at="2022-12-01T16:25:17 GMT" duration-ms="2" status="PASS">
          <params>
            <param index="0">
              <value>
                <![CDATA[[TestResult name=TC_004 status=SUCCESS method=TestCase.TC_004()[pri:0, instance:zippopotam.com.TestCase@40005471] output={null}]]]>
              </value>
            </param>
          </params>
          <reporter-output>
          </reporter-output>
        </test-method> <!-- getResult -->
        <test-method is-config="true" signature="tearDown()[pri:0, instance:zippopotam.com.TestCase@40005471]" started-at="2022-12-01T16:25:17 GMT" name="tearDown" finished-at="2022-12-01T16:25:17 GMT" duration-ms="498" status="PASS">
          <reporter-output>
          </reporter-output>
        </test-method> <!-- tearDown -->
      </class> <!-- zippopotam.com.TestCase -->
    </test> <!-- Surefire test -->
  </suite> <!-- Surefire suite -->
</testng-results>
